<?xml version="1.0" encoding="UTF-8"?>
<!-- Generated by org.testng.reporters.JUnitReportReporter -->
<testsuite skipped="0" hostname="GDC-VikasKu-LPT" name="com.test.Grouping" tests="5" failures="0" timestamp="08 Jan 2018 09:45:26 GMT" time="0.028" errors="0">
  <testcase name="Scooter1" time="0.001" classname="com.test.Grouping"/>
  <testcase name="Car2" time="0.003" classname="com.test.Grouping"/>
  <testcase name="Sedan1" time="0.002" classname="com.test.Grouping"/>
  <testcase name="Scooter2" time="0.002" classname="com.test.Grouping"/>
  <testcase name="Car1" time="0.020" classname="com.test.Grouping"/>
</testsuite> <!-- com.test.Grouping -->
