<?xml version="1.0" encoding="UTF-8"?>
<!-- Generated by org.testng.reporters.JUnitReportReporter -->
<testsuite skipped="0" hostname="GDC-VikasKu-LPT" name="com.test.Sequencing" tests="2" failures="0" timestamp="28 Dec 2017 11:33:05 GMT" time="0.011" errors="0">
  <testcase name="testCase2" time="0.004" classname="com.test.Sequencing"/>
  <testcase name="testCase1" time="0.007" classname="com.test.Sequencing"/>
</testsuite> <!-- com.test.Sequencing -->
