<?xml version="1.0" encoding="UTF-8"?>
<!-- Generated by org.testng.reporters.JUnitReportReporter -->
<testsuite skipped="0" hostname="GDC-VikasKu-LPT" name="com.test.Dependent" tests="3" failures="0" timestamp="29 Dec 2017 07:13:23 GMT" time="0.030" errors="0">
  <testcase name="OpenBrowser" time="0.026" classname="com.test.Dependent"/>
  <testcase name="SignIn" time="0.002" classname="com.test.Dependent"/>
  <testcase name="LogOut" time="0.002" classname="com.test.Dependent"/>
</testsuite> <!-- com.test.Dependent -->
