<?xml version="1.0" encoding="UTF-8"?>
<!-- Generated by org.testng.reporters.JUnitReportReporter -->
<testsuite skipped="0" hostname="GDC-VikasKu-LPT" name="com.test.Parameters_Via_DataProviders" tests="5" failures="0" timestamp="08 Jan 2018 06:55:59 GMT" time="19.050" errors="0">
  <testcase name="testing" time="3.039" classname="com.test.Parameters_Via_DataProviders"/>
  <testcase name="testing" time="2.921" classname="com.test.Parameters_Via_DataProviders"/>
  <testcase name="testing" time="2.974" classname="com.test.Parameters_Via_DataProviders"/>
  <testcase name="testing" time="6.191" classname="com.test.Parameters_Via_DataProviders"/>
  <testcase name="testing" time="3.925" classname="com.test.Parameters_Via_DataProviders"/>
</testsuite> <!-- com.test.Parameters_Via_DataProviders -->
