<?xml version="1.0" encoding="UTF-8"?>
<!-- Generated by org.testng.reporters.JUnitReportReporter -->
<testsuite skipped="1" hostname="GDC-VikasKu-LPT" name="com.test.SkipTest" tests="4" failures="0" timestamp="29 Dec 2017 07:22:15 GMT" time="0.014" errors="0">
  <testcase name="One" time="0.010" classname="com.test.SkipTest"/>
  <testcase name="Two" time="0.002" classname="com.test.SkipTest"/>
  <testcase name="Four" time="0.002" classname="com.test.SkipTest"/>
  <testcase name="Three" classname="com.test.SkipTest">
    <skipped/>
  </testcase> <!-- Three -->
</testsuite> <!-- com.test.SkipTest -->
