<?xml version="1.0" encoding="UTF-8"?>
<!-- Generated by org.testng.reporters.JUnitReportReporter -->
<testsuite skipped="0" hostname="GDC-VikasKu-LPT" name="com.test.TestNG_Classs" tests="1" failures="0" timestamp="04 Jan 2018 10:54:45 GMT" time="154.374" errors="0">
  <testcase name="test1" time="154.374" classname="com.test.TestNG_Classs"/>
</testsuite> <!-- com.test.TestNG_Classs -->
