<?xml version="1.0" encoding="UTF-8"?>
<!-- Generated by org.testng.reporters.JUnitReportReporter -->
<testsuite skipped="0" hostname="GDC-VikasKu-LPT" name="com.test.Prioritisation" tests="4" failures="0" timestamp="28 Dec 2017 11:33:19 GMT" time="0.016" errors="0">
  <testcase name="One" time="0.011" classname="com.test.Prioritisation"/>
  <testcase name="Two" time="0.002" classname="com.test.Prioritisation"/>
  <testcase name="Three" time="0.001" classname="com.test.Prioritisation"/>
  <testcase name="Four" time="0.002" classname="com.test.Prioritisation"/>
</testsuite> <!-- com.test.Prioritisation -->
